c:\users\kocca66\source\repos\hodographics\hodographics\x64\debug\vc143.pdb
c:\users\kocca66\source\repos\hodographics\hodographics\x64\debug\vc143.idb
c:\users\kocca66\source\repos\hodographics\hodographics\x64\debug\timesystem.obj
c:\users\kocca66\source\repos\hodographics\hodographics\x64\debug\inputsystem.obj
c:\users\kocca66\source\repos\hodographics\hodographics\x64\debug\entry.obj
c:\users\kocca66\source\repos\hodographics\hodographics\x64\debug\application.obj
c:\users\kocca66\source\repos\hodographics\hodographics\x64\debug\uisystem.obj
c:\users\kocca66\source\repos\hodographics\hodographics\x64\debug\rendersystem.obj
c:\users\kocca66\source\repos\hodographics\x64\debug\hodographics.exe
c:\users\kocca66\source\repos\hodographics\hodographics\x64\debug\hodographics.ilk
c:\users\kocca66\source\repos\hodographics\x64\debug\hodographics.pdb
c:\users\kocca66\source\repos\hodographics\hodographics\x64\debug\hodographics.res
c:\users\kocca66\source\repos\hodographics\hodographics\x64\debug\hodographics.tlog\cl.command.1.tlog
c:\users\kocca66\source\repos\hodographics\hodographics\x64\debug\hodographics.tlog\cl.read.1.tlog
c:\users\kocca66\source\repos\hodographics\hodographics\x64\debug\hodographics.tlog\cl.write.1.tlog
c:\users\kocca66\source\repos\hodographics\hodographics\x64\debug\hodographics.tlog\link.command.1.tlog
c:\users\kocca66\source\repos\hodographics\hodographics\x64\debug\hodographics.tlog\link.read.1.tlog
c:\users\kocca66\source\repos\hodographics\hodographics\x64\debug\hodographics.tlog\link.write.1.tlog
c:\users\kocca66\source\repos\hodographics\hodographics\x64\debug\hodographics.tlog\rc.command.1.tlog
c:\users\kocca66\source\repos\hodographics\hodographics\x64\debug\hodographics.tlog\rc.read.1.tlog
c:\users\kocca66\source\repos\hodographics\hodographics\x64\debug\hodographics.tlog\rc.write.1.tlog
